<?xml version="1.0" encoding="UTF-8"?>
<!-- Generated by org.testng.reporters.JUnitReportReporter -->
<testsuite hostname="LAPTOP-5J8ERDL0" failures="0" tests="1" name="maven.project.MavenTest" time="0.004" errors="0" timestamp="05 Dec 2018 00:44:33 GMT" skipped="0">
  <testcase classname="maven.project.MavenTest" name="MavenTest1" time="0.004"/>
</testsuite> <!-- maven.project.MavenTest -->
